0 info it worked if it ends with ok
1 verbose cli [ '/usr/bin/node', '/usr/bin/npm', 'run', 'gulp' ]
2 info using npm@2.11.3
3 info using node@v0.12.7
4 verbose node symlink /usr/bin/node
5 verbose run-script [ 'pregulp', 'gulp', 'postgulp' ]
6 info pregulp vjs@0.1.0
7 info gulp vjs@0.1.0
8 verbose unsafe-perm in lifecycle true
9 info vjs@0.1.0 Failed to exec gulp script
10 verbose stack Error: vjs@0.1.0 gulp: `gulp --gulpfile web/gulpfile.js`
10 verbose stack Exit status 1
10 verbose stack     at EventEmitter.<anonymous> (/usr/lib/node_modules/npm/lib/utils/lifecycle.js:213:16)
10 verbose stack     at EventEmitter.emit (events.js:110:17)
10 verbose stack     at ChildProcess.<anonymous> (/usr/lib/node_modules/npm/lib/utils/spawn.js:24:14)
10 verbose stack     at ChildProcess.emit (events.js:110:17)
10 verbose stack     at maybeClose (child_process.js:1015:16)
10 verbose stack     at Process.ChildProcess._handle.onexit (child_process.js:1087:5)
11 verbose pkgid vjs@0.1.0
12 verbose cwd /home/neonov/develop/chat
13 error Linux 3.16.0-49-generic
14 error argv "/usr/bin/node" "/usr/bin/npm" "run" "gulp"
15 error node v0.12.7
16 error npm  v2.11.3
17 error code ELIFECYCLE
18 error vjs@0.1.0 gulp: `gulp --gulpfile web/gulpfile.js`
18 error Exit status 1
19 error Failed at the vjs@0.1.0 gulp script 'gulp --gulpfile web/gulpfile.js'.
19 error This is most likely a problem with the vjs package,
19 error not with npm itself.
19 error Tell the author that this fails on your system:
19 error     gulp --gulpfile web/gulpfile.js
19 error You can get their info via:
19 error     npm owner ls vjs
19 error There is likely additional logging output above.
20 verbose exit [ 1, true ]
