info: socket.io started
Server listening on port 3000.
debug: client authorized
info: handshake authorized zI4VErrCPYbNyMysQH1-
debug: setting request GET /socket.io/1/websocket/zI4VErrCPYbNyMysQH1-
debug: set heartbeat interval for client zI4VErrCPYbNyMysQH1-
debug: client authorized for 
debug: websocket writing 1::
debug: websocket writing 5:::{"name":"nameResult","args":[{"success":true,"name":"Guest1"}]}
debug: websocket writing 5:::{"name":"joinResult","args":[{"room":"Lobby"}]}
debug: broadcasting packet
debug: emitting heartbeat for client zI4VErrCPYbNyMysQH1-
debug: websocket writing 2::
debug: set heartbeat timeout for client zI4VErrCPYbNyMysQH1-
debug: got heartbeat packet
debug: cleared heartbeat timeout for client zI4VErrCPYbNyMysQH1-
debug: set heartbeat interval for client zI4VErrCPYbNyMysQH1-
debug: emitting heartbeat for client zI4VErrCPYbNyMysQH1-
debug: websocket writing 2::
debug: set heartbeat timeout for client zI4VErrCPYbNyMysQH1-
debug: got heartbeat packet
debug: cleared heartbeat timeout for client zI4VErrCPYbNyMysQH1-
debug: set heartbeat interval for client zI4VErrCPYbNyMysQH1-
debug: emitting heartbeat for client zI4VErrCPYbNyMysQH1-
debug: websocket writing 2::
debug: set heartbeat timeout for client zI4VErrCPYbNyMysQH1-
debug: got heartbeat packet
debug: cleared heartbeat timeout for client zI4VErrCPYbNyMysQH1-
debug: set heartbeat interval for client zI4VErrCPYbNyMysQH1-
debug: emitting heartbeat for client zI4VErrCPYbNyMysQH1-
debug: websocket writing 2::
debug: set heartbeat timeout for client zI4VErrCPYbNyMysQH1-
debug: got heartbeat packet
debug: cleared heartbeat timeout for client zI4VErrCPYbNyMysQH1-
debug: set heartbeat interval for client zI4VErrCPYbNyMysQH1-
debug: emitting heartbeat for client zI4VErrCPYbNyMysQH1-
debug: websocket writing 2::
debug: set heartbeat timeout for client zI4VErrCPYbNyMysQH1-
debug: got heartbeat packet
debug: cleared heartbeat timeout for client zI4VErrCPYbNyMysQH1-
debug: set heartbeat interval for client zI4VErrCPYbNyMysQH1-
debug: emitting heartbeat for client zI4VErrCPYbNyMysQH1-
debug: websocket writing 2::
debug: set heartbeat timeout for client zI4VErrCPYbNyMysQH1-
debug: got heartbeat packet
debug: cleared heartbeat timeout for client zI4VErrCPYbNyMysQH1-
debug: set heartbeat interval for client zI4VErrCPYbNyMysQH1-
debug: emitting heartbeat for client zI4VErrCPYbNyMysQH1-
debug: websocket writing 2::
debug: set heartbeat timeout for client zI4VErrCPYbNyMysQH1-
debug: got heartbeat packet
debug: cleared heartbeat timeout for client zI4VErrCPYbNyMysQH1-
debug: set heartbeat interval for client zI4VErrCPYbNyMysQH1-
debug: emitting heartbeat for client zI4VErrCPYbNyMysQH1-
debug: websocket writing 2::
debug: set heartbeat timeout for client zI4VErrCPYbNyMysQH1-
debug: got heartbeat packet
debug: cleared heartbeat timeout for client zI4VErrCPYbNyMysQH1-
debug: set heartbeat interval for client zI4VErrCPYbNyMysQH1-
debug: emitting heartbeat for client zI4VErrCPYbNyMysQH1-
debug: websocket writing 2::
debug: set heartbeat timeout for client zI4VErrCPYbNyMysQH1-
debug: got heartbeat packet
debug: cleared heartbeat timeout for client zI4VErrCPYbNyMysQH1-
debug: set heartbeat interval for client zI4VErrCPYbNyMysQH1-
debug: emitting heartbeat for client zI4VErrCPYbNyMysQH1-
debug: websocket writing 2::
debug: set heartbeat timeout for client zI4VErrCPYbNyMysQH1-
debug: got heartbeat packet
debug: cleared heartbeat timeout for client zI4VErrCPYbNyMysQH1-
debug: set heartbeat interval for client zI4VErrCPYbNyMysQH1-
debug: emitting heartbeat for client zI4VErrCPYbNyMysQH1-
debug: websocket writing 2::
debug: set heartbeat timeout for client zI4VErrCPYbNyMysQH1-
debug: got heartbeat packet
debug: cleared heartbeat timeout for client zI4VErrCPYbNyMysQH1-
debug: set heartbeat interval for client zI4VErrCPYbNyMysQH1-
debug: emitting heartbeat for client zI4VErrCPYbNyMysQH1-
debug: websocket writing 2::
debug: set heartbeat timeout for client zI4VErrCPYbNyMysQH1-
debug: got heartbeat packet
debug: cleared heartbeat timeout for client zI4VErrCPYbNyMysQH1-
debug: set heartbeat interval for client zI4VErrCPYbNyMysQH1-
debug: emitting heartbeat for client zI4VErrCPYbNyMysQH1-
debug: websocket writing 2::
debug: set heartbeat timeout for client zI4VErrCPYbNyMysQH1-
debug: got heartbeat packet
debug: cleared heartbeat timeout for client zI4VErrCPYbNyMysQH1-
debug: set heartbeat interval for client zI4VErrCPYbNyMysQH1-
debug: emitting heartbeat for client zI4VErrCPYbNyMysQH1-
debug: websocket writing 2::
debug: set heartbeat timeout for client zI4VErrCPYbNyMysQH1-
debug: got heartbeat packet
debug: cleared heartbeat timeout for client zI4VErrCPYbNyMysQH1-
debug: set heartbeat interval for client zI4VErrCPYbNyMysQH1-
debug: emitting heartbeat for client zI4VErrCPYbNyMysQH1-
debug: websocket writing 2::
debug: set heartbeat timeout for client zI4VErrCPYbNyMysQH1-
debug: got heartbeat packet
debug: cleared heartbeat timeout for client zI4VErrCPYbNyMysQH1-
debug: set heartbeat interval for client zI4VErrCPYbNyMysQH1-
debug: emitting heartbeat for client zI4VErrCPYbNyMysQH1-
debug: websocket writing 2::
debug: set heartbeat timeout for client zI4VErrCPYbNyMysQH1-
debug: got heartbeat packet
debug: cleared heartbeat timeout for client zI4VErrCPYbNyMysQH1-
debug: set heartbeat interval for client zI4VErrCPYbNyMysQH1-
debug: emitting heartbeat for client zI4VErrCPYbNyMysQH1-
debug: websocket writing 2::
debug: set heartbeat timeout for client zI4VErrCPYbNyMysQH1-
debug: got heartbeat packet
debug: cleared heartbeat timeout for client zI4VErrCPYbNyMysQH1-
debug: set heartbeat interval for client zI4VErrCPYbNyMysQH1-
debug: emitting heartbeat for client zI4VErrCPYbNyMysQH1-
debug: websocket writing 2::
debug: set heartbeat timeout for client zI4VErrCPYbNyMysQH1-
debug: got heartbeat packet
debug: cleared heartbeat timeout for client zI4VErrCPYbNyMysQH1-
debug: set heartbeat interval for client zI4VErrCPYbNyMysQH1-
debug: emitting heartbeat for client zI4VErrCPYbNyMysQH1-
debug: websocket writing 2::
debug: set heartbeat timeout for client zI4VErrCPYbNyMysQH1-
debug: got heartbeat packet
debug: cleared heartbeat timeout for client zI4VErrCPYbNyMysQH1-
debug: set heartbeat interval for client zI4VErrCPYbNyMysQH1-
debug: emitting heartbeat for client zI4VErrCPYbNyMysQH1-
debug: websocket writing 2::
debug: set heartbeat timeout for client zI4VErrCPYbNyMysQH1-
debug: got heartbeat packet
debug: cleared heartbeat timeout for client zI4VErrCPYbNyMysQH1-
debug: set heartbeat interval for client zI4VErrCPYbNyMysQH1-
debug: emitting heartbeat for client zI4VErrCPYbNyMysQH1-
debug: websocket writing 2::
debug: set heartbeat timeout for client zI4VErrCPYbNyMysQH1-
debug: got heartbeat packet
debug: cleared heartbeat timeout for client zI4VErrCPYbNyMysQH1-
debug: set heartbeat interval for client zI4VErrCPYbNyMysQH1-
debug: emitting heartbeat for client zI4VErrCPYbNyMysQH1-
debug: websocket writing 2::
debug: set heartbeat timeout for client zI4VErrCPYbNyMysQH1-
debug: got heartbeat packet
debug: cleared heartbeat timeout for client zI4VErrCPYbNyMysQH1-
debug: set heartbeat interval for client zI4VErrCPYbNyMysQH1-
debug: emitting heartbeat for client zI4VErrCPYbNyMysQH1-
debug: websocket writing 2::
debug: set heartbeat timeout for client zI4VErrCPYbNyMysQH1-
debug: got heartbeat packet
debug: cleared heartbeat timeout for client zI4VErrCPYbNyMysQH1-
debug: set heartbeat interval for client zI4VErrCPYbNyMysQH1-
debug: emitting heartbeat for client zI4VErrCPYbNyMysQH1-
debug: websocket writing 2::
debug: set heartbeat timeout for client zI4VErrCPYbNyMysQH1-
debug: got heartbeat packet
debug: cleared heartbeat timeout for client zI4VErrCPYbNyMysQH1-
debug: set heartbeat interval for client zI4VErrCPYbNyMysQH1-
debug: emitting heartbeat for client zI4VErrCPYbNyMysQH1-
debug: websocket writing 2::
debug: set heartbeat timeout for client zI4VErrCPYbNyMysQH1-
debug: got heartbeat packet
debug: cleared heartbeat timeout for client zI4VErrCPYbNyMysQH1-
debug: set heartbeat interval for client zI4VErrCPYbNyMysQH1-
debug: emitting heartbeat for client zI4VErrCPYbNyMysQH1-
debug: websocket writing 2::
debug: set heartbeat timeout for client zI4VErrCPYbNyMysQH1-
debug: got heartbeat packet
debug: cleared heartbeat timeout for client zI4VErrCPYbNyMysQH1-
debug: set heartbeat interval for client zI4VErrCPYbNyMysQH1-
debug: emitting heartbeat for client zI4VErrCPYbNyMysQH1-
debug: websocket writing 2::
debug: set heartbeat timeout for client zI4VErrCPYbNyMysQH1-
debug: got heartbeat packet
debug: cleared heartbeat timeout for client zI4VErrCPYbNyMysQH1-
debug: set heartbeat interval for client zI4VErrCPYbNyMysQH1-
debug: emitting heartbeat for client zI4VErrCPYbNyMysQH1-
debug: websocket writing 2::
debug: set heartbeat timeout for client zI4VErrCPYbNyMysQH1-
debug: got heartbeat packet
debug: cleared heartbeat timeout for client zI4VErrCPYbNyMysQH1-
debug: set heartbeat interval for client zI4VErrCPYbNyMysQH1-
debug: emitting heartbeat for client zI4VErrCPYbNyMysQH1-
debug: websocket writing 2::
debug: set heartbeat timeout for client zI4VErrCPYbNyMysQH1-
debug: got heartbeat packet
debug: cleared heartbeat timeout for client zI4VErrCPYbNyMysQH1-
debug: set heartbeat interval for client zI4VErrCPYbNyMysQH1-
debug: emitting heartbeat for client zI4VErrCPYbNyMysQH1-
debug: websocket writing 2::
debug: set heartbeat timeout for client zI4VErrCPYbNyMysQH1-
debug: got heartbeat packet
debug: cleared heartbeat timeout for client zI4VErrCPYbNyMysQH1-
debug: set heartbeat interval for client zI4VErrCPYbNyMysQH1-
debug: emitting heartbeat for client zI4VErrCPYbNyMysQH1-
debug: websocket writing 2::
debug: set heartbeat timeout for client zI4VErrCPYbNyMysQH1-
debug: got heartbeat packet
debug: cleared heartbeat timeout for client zI4VErrCPYbNyMysQH1-
debug: set heartbeat interval for client zI4VErrCPYbNyMysQH1-
debug: emitting heartbeat for client zI4VErrCPYbNyMysQH1-
debug: websocket writing 2::
debug: set heartbeat timeout for client zI4VErrCPYbNyMysQH1-
debug: got heartbeat packet
debug: cleared heartbeat timeout for client zI4VErrCPYbNyMysQH1-
debug: set heartbeat interval for client zI4VErrCPYbNyMysQH1-
debug: emitting heartbeat for client zI4VErrCPYbNyMysQH1-
debug: websocket writing 2::
debug: set heartbeat timeout for client zI4VErrCPYbNyMysQH1-
debug: got heartbeat packet
debug: cleared heartbeat timeout for client zI4VErrCPYbNyMysQH1-
debug: set heartbeat interval for client zI4VErrCPYbNyMysQH1-
debug: emitting heartbeat for client zI4VErrCPYbNyMysQH1-
debug: websocket writing 2::
debug: set heartbeat timeout for client zI4VErrCPYbNyMysQH1-
debug: got heartbeat packet
debug: cleared heartbeat timeout for client zI4VErrCPYbNyMysQH1-
debug: set heartbeat interval for client zI4VErrCPYbNyMysQH1-
debug: emitting heartbeat for client zI4VErrCPYbNyMysQH1-
debug: websocket writing 2::
debug: set heartbeat timeout for client zI4VErrCPYbNyMysQH1-
debug: got heartbeat packet
debug: cleared heartbeat timeout for client zI4VErrCPYbNyMysQH1-
debug: set heartbeat interval for client zI4VErrCPYbNyMysQH1-
debug: emitting heartbeat for client zI4VErrCPYbNyMysQH1-
debug: websocket writing 2::
debug: set heartbeat timeout for client zI4VErrCPYbNyMysQH1-
debug: got heartbeat packet
debug: cleared heartbeat timeout for client zI4VErrCPYbNyMysQH1-
debug: set heartbeat interval for client zI4VErrCPYbNyMysQH1-
debug: emitting heartbeat for client zI4VErrCPYbNyMysQH1-
debug: websocket writing 2::
debug: set heartbeat timeout for client zI4VErrCPYbNyMysQH1-
debug: got heartbeat packet
debug: cleared heartbeat timeout for client zI4VErrCPYbNyMysQH1-
debug: set heartbeat interval for client zI4VErrCPYbNyMysQH1-
debug: emitting heartbeat for client zI4VErrCPYbNyMysQH1-
debug: websocket writing 2::
debug: set heartbeat timeout for client zI4VErrCPYbNyMysQH1-
debug: got heartbeat packet
debug: cleared heartbeat timeout for client zI4VErrCPYbNyMysQH1-
debug: set heartbeat interval for client zI4VErrCPYbNyMysQH1-
debug: emitting heartbeat for client zI4VErrCPYbNyMysQH1-
debug: websocket writing 2::
debug: set heartbeat timeout for client zI4VErrCPYbNyMysQH1-
debug: got heartbeat packet
debug: cleared heartbeat timeout for client zI4VErrCPYbNyMysQH1-
debug: set heartbeat interval for client zI4VErrCPYbNyMysQH1-
debug: emitting heartbeat for client zI4VErrCPYbNyMysQH1-
debug: websocket writing 2::
debug: set heartbeat timeout for client zI4VErrCPYbNyMysQH1-
debug: got heartbeat packet
debug: cleared heartbeat timeout for client zI4VErrCPYbNyMysQH1-
debug: set heartbeat interval for client zI4VErrCPYbNyMysQH1-
debug: emitting heartbeat for client zI4VErrCPYbNyMysQH1-
debug: websocket writing 2::
debug: set heartbeat timeout for client zI4VErrCPYbNyMysQH1-
debug: got heartbeat packet
debug: cleared heartbeat timeout for client zI4VErrCPYbNyMysQH1-
debug: set heartbeat interval for client zI4VErrCPYbNyMysQH1-
debug: emitting heartbeat for client zI4VErrCPYbNyMysQH1-
debug: websocket writing 2::
debug: set heartbeat timeout for client zI4VErrCPYbNyMysQH1-
debug: got heartbeat packet
debug: cleared heartbeat timeout for client zI4VErrCPYbNyMysQH1-
debug: set heartbeat interval for client zI4VErrCPYbNyMysQH1-
debug: emitting heartbeat for client zI4VErrCPYbNyMysQH1-
debug: websocket writing 2::
debug: set heartbeat timeout for client zI4VErrCPYbNyMysQH1-
debug: got heartbeat packet
debug: cleared heartbeat timeout for client zI4VErrCPYbNyMysQH1-
debug: set heartbeat interval for client zI4VErrCPYbNyMysQH1-
debug: emitting heartbeat for client zI4VErrCPYbNyMysQH1-
debug: websocket writing 2::
debug: set heartbeat timeout for client zI4VErrCPYbNyMysQH1-
debug: got heartbeat packet
debug: cleared heartbeat timeout for client zI4VErrCPYbNyMysQH1-
debug: set heartbeat interval for client zI4VErrCPYbNyMysQH1-
debug: emitting heartbeat for client zI4VErrCPYbNyMysQH1-
debug: websocket writing 2::
debug: set heartbeat timeout for client zI4VErrCPYbNyMysQH1-
debug: got heartbeat packet
debug: cleared heartbeat timeout for client zI4VErrCPYbNyMysQH1-
debug: set heartbeat interval for client zI4VErrCPYbNyMysQH1-
debug: emitting heartbeat for client zI4VErrCPYbNyMysQH1-
debug: websocket writing 2::
debug: set heartbeat timeout for client zI4VErrCPYbNyMysQH1-
debug: got heartbeat packet
debug: cleared heartbeat timeout for client zI4VErrCPYbNyMysQH1-
debug: set heartbeat interval for client zI4VErrCPYbNyMysQH1-
debug: emitting heartbeat for client zI4VErrCPYbNyMysQH1-
debug: websocket writing 2::
debug: set heartbeat timeout for client zI4VErrCPYbNyMysQH1-
debug: got heartbeat packet
debug: cleared heartbeat timeout for client zI4VErrCPYbNyMysQH1-
debug: set heartbeat interval for client zI4VErrCPYbNyMysQH1-
debug: emitting heartbeat for client zI4VErrCPYbNyMysQH1-
debug: websocket writing 2::
debug: set heartbeat timeout for client zI4VErrCPYbNyMysQH1-
debug: got heartbeat packet
debug: cleared heartbeat timeout for client zI4VErrCPYbNyMysQH1-
debug: set heartbeat interval for client zI4VErrCPYbNyMysQH1-
debug: emitting heartbeat for client zI4VErrCPYbNyMysQH1-
debug: websocket writing 2::
debug: set heartbeat timeout for client zI4VErrCPYbNyMysQH1-
debug: got heartbeat packet
debug: cleared heartbeat timeout for client zI4VErrCPYbNyMysQH1-
debug: set heartbeat interval for client zI4VErrCPYbNyMysQH1-
debug: emitting heartbeat for client zI4VErrCPYbNyMysQH1-
debug: websocket writing 2::
debug: set heartbeat timeout for client zI4VErrCPYbNyMysQH1-
debug: got heartbeat packet
debug: cleared heartbeat timeout for client zI4VErrCPYbNyMysQH1-
debug: set heartbeat interval for client zI4VErrCPYbNyMysQH1-
debug: emitting heartbeat for client zI4VErrCPYbNyMysQH1-
debug: websocket writing 2::
debug: set heartbeat timeout for client zI4VErrCPYbNyMysQH1-
debug: got heartbeat packet
debug: cleared heartbeat timeout for client zI4VErrCPYbNyMysQH1-
debug: set heartbeat interval for client zI4VErrCPYbNyMysQH1-
debug: emitting heartbeat for client zI4VErrCPYbNyMysQH1-
debug: websocket writing 2::
debug: set heartbeat timeout for client zI4VErrCPYbNyMysQH1-
debug: got heartbeat packet
debug: cleared heartbeat timeout for client zI4VErrCPYbNyMysQH1-
debug: set heartbeat interval for client zI4VErrCPYbNyMysQH1-
debug: emitting heartbeat for client zI4VErrCPYbNyMysQH1-
debug: websocket writing 2::
debug: set heartbeat timeout for client zI4VErrCPYbNyMysQH1-
debug: got heartbeat packet
debug: cleared heartbeat timeout for client zI4VErrCPYbNyMysQH1-
debug: set heartbeat interval for client zI4VErrCPYbNyMysQH1-
debug: emitting heartbeat for client zI4VErrCPYbNyMysQH1-
debug: websocket writing 2::
debug: set heartbeat timeout for client zI4VErrCPYbNyMysQH1-
debug: got heartbeat packet
debug: cleared heartbeat timeout for client zI4VErrCPYbNyMysQH1-
debug: set heartbeat interval for client zI4VErrCPYbNyMysQH1-
